<?xml version="1.0" encoding="UTF-8"?>
<!-- Generated by org.testng.reporters.JUnitXMLReporter -->
<testsuite ignored="2" hostname="DESKTOP-F4HKPKP" failures="0" tests="2" name="NewTest" time="41.316" errors="0" timestamp="08 Jan 2021 10:04:21 GMT">
  <testcase classname="testng_practice_enabled_false.AnnotationsWithClass" name="testcase2" time="2.525"/>
  <testcase classname="testng_practice_enabled_false.AnnotationsWithMethods" name="testcase1" time="0.357"/>
  <testcase classname="testng_practice_enabled_false.AnnotationsWithMethods" name="testcase2" time="0.0">
    <ignored/>
  </testcase> <!-- testcase2 -->
  <testcase classname="testng_practice_enabled_false.AnnotationsWithClass" name="testcase1" time="0.0">
    <ignored/>
  </testcase> <!-- testcase1 -->
</testsuite> <!-- NewTest -->
