<?xml version="1.0" encoding="UTF-8"?>
<!-- Generated by org.testng.reporters.JUnitXMLReporter -->
<testsuite ignored="0" hostname="DESKTOP-F4HKPKP" failures="1" tests="1" name="Test" time="27.915" errors="0" timestamp="30 Jan 2021 07:52:54 GMT">
  <testcase classname="log4j_practice.CreateAccount001TestCases" name="validateCreateAccountPageText" time="14.969">
    <failure type="org.openqa.selenium.NoSuchElementException" message="Cannot locate option with value: row 2 or column Day does not exist in xls
For documentation on this error, please visit: https://www.seleniumhq.org/exceptions/no_such_element.html
Build info: version: &amp;apos;3.141.59&amp;apos;, revision: &amp;apos;e82be7d358&amp;apos;, time: &amp;apos;2018-11-14T08:17:03&amp;apos;
System info: host: &amp;apos;DESKTOP-F4HKPKP&amp;apos;, ip: &amp;apos;192.168.2.2&amp;apos;, os.name: &amp;apos;Windows 10&amp;apos;, os.arch: &amp;apos;amd64&amp;apos;, os.version: &amp;apos;10.0&amp;apos;, java.version: &amp;apos;15.0.1&amp;apos;
Driver info: driver.version: unknown">
      <![CDATA[org.openqa.selenium.NoSuchElementException: Cannot locate option with value: row 2 or column Day does not exist in xls
For documentation on this error, please visit: https://www.seleniumhq.org/exceptions/no_such_element.html
Build info: version: '3.141.59', revision: 'e82be7d358', time: '2018-11-14T08:17:03'
System info: host: 'DESKTOP-F4HKPKP', ip: '192.168.2.2', os.name: 'Windows 10', os.arch: 'amd64', os.version: '10.0', java.version: '15.0.1'
Driver info: driver.version: unknown
at org.openqa.selenium.support.ui.Select.findOptionsByValue(Select.java:283)
at org.openqa.selenium.support.ui.Select.selectByValue(Select.java:186)
at pages.CreateAccountPage.setDays(CreateAccountPage.java:81)
at log4j_practice.CreateAccount001TestCases.validateCreateAccountPageText(CreateAccount001TestCases.java:37)
... Removed 25 stack frames]]>
    </failure>
  </testcase> <!-- validateCreateAccountPageText -->
</testsuite> <!-- Test -->
